{"timestamp":"2026-03-19T19:05:44.879388Z","level":"info","event":"Stats instance was created in PID 7 but accessed in PID 2836. Re-initializing.","logger":"airflow.stats","filename":"stats.py","lineno":57}
{"timestamp":"2026-03-19T19:05:45.451332Z","level":"info","event":"DAG bundles loaded: dags-folder, example_dags","logger":"airflow.dag_processing.bundles.manager.DagBundlesManager","filename":"manager.py","lineno":179}
{"timestamp":"2026-03-19T19:05:45.453175Z","level":"info","event":"Filling up the DagBag from /opt/airflow/dags/covid_pipeline.py","logger":"airflow.models.dagbag.BundleDagBag","filename":"dagbag.py","lineno":593}
{"timestamp":"2026-03-19T19:05:45.644492Z","level":"warning","event":"The `airflow.operators.bash.BashOperator` attribute is deprecated. Please use `'airflow.providers.standard.operators.bash.BashOperator'`.","category":"DeprecatedImportWarning","filename":"/opt/airflow/dags/covid_pipeline.py","lineno":2,"logger":"py.warnings"}
{"timestamp":"2026-03-19T19:05:45.711299Z","level":"info","event":"Task instance is in running state","logger":"task.stdout"}
{"timestamp":"2026-03-19T19:05:45.712699Z","level":"info","event":" Previous state of the Task instance: TaskInstanceState.QUEUED","logger":"task.stdout"}
{"timestamp":"2026-03-19T19:05:45.714692Z","level":"info","event":"Current task name:transform_data","logger":"task.stdout"}
{"timestamp":"2026-03-19T19:05:45.714768Z","level":"info","event":"Dag name:covid_pipeline","logger":"task.stdout"}
{"timestamp":"2026-03-19T19:05:45.711907Z","level":"info","event":"Initializing AWS Glue Job: covid-etl-job. Wait for completion: True","logger":"airflow.task.operators.airflow.providers.amazon.aws.operators.glue.GlueJobOperator","filename":"glue.py","lineno":219}
{"timestamp":"2026-03-19T19:05:45.712418Z","level":"info","event":"Checking if job already exists: covid-etl-job","logger":"airflow.providers.amazon.aws.hooks.glue.GlueJobHook","filename":"glue.py","lineno":455}
{"timestamp":"2026-03-19T19:05:45.729673Z","level":"info","event":"AWS Connection (conn_id='aws_default', conn_type='aws') credentials retrieved from login and password.","logger":"airflow.providers.amazon.aws.utils.connection_wrapper.AwsConnectionWrapper","filename":"connection_wrapper.py","lineno":331}
{"timestamp":"2026-03-19T19:05:46.747938Z","level":"info","event":"You can monitor this Glue Job run at: https://console.aws.amazon.com/gluestudio/home?region=us-east-1#/job/covid-etl-job/run/jr_0d1715b3ef8215e5c0bc4527089988458e1a58af776ffaf814123aa41432ba40","logger":"airflow.task.operators.airflow.providers.amazon.aws.operators.glue.GlueJobOperator","filename":"glue.py","lineno":240}
{"timestamp":"2026-03-19T19:05:46.862081Z","level":"info","event":"Polling for AWS Glue Job covid-etl-job current run state with status RUNNING","logger":"airflow.providers.amazon.aws.hooks.glue.GlueJobHook","filename":"glue.py","lineno":438}
{"timestamp":"2026-03-19T19:05:52.973896Z","level":"info","event":"Polling for AWS Glue Job covid-etl-job current run state with status RUNNING","logger":"airflow.providers.amazon.aws.hooks.glue.GlueJobHook","filename":"glue.py","lineno":438}
{"timestamp":"2026-03-19T19:05:59.076957Z","level":"info","event":"Polling for AWS Glue Job covid-etl-job current run state with status RUNNING","logger":"airflow.providers.amazon.aws.hooks.glue.GlueJobHook","filename":"glue.py","lineno":438}
{"timestamp":"2026-03-19T19:06:05.211236Z","level":"info","event":"Polling for AWS Glue Job covid-etl-job current run state with status RUNNING","logger":"airflow.providers.amazon.aws.hooks.glue.GlueJobHook","filename":"glue.py","lineno":438}
{"timestamp":"2026-03-19T19:06:11.320754Z","level":"info","event":"Polling for AWS Glue Job covid-etl-job current run state with status RUNNING","logger":"airflow.providers.amazon.aws.hooks.glue.GlueJobHook","filename":"glue.py","lineno":438}
{"timestamp":"2026-03-19T19:06:17.431175Z","level":"info","event":"Polling for AWS Glue Job covid-etl-job current run state with status RUNNING","logger":"airflow.providers.amazon.aws.hooks.glue.GlueJobHook","filename":"glue.py","lineno":438}
{"timestamp":"2026-03-19T19:06:23.569722Z","level":"info","event":"Polling for AWS Glue Job covid-etl-job current run state with status RUNNING","logger":"airflow.providers.amazon.aws.hooks.glue.GlueJobHook","filename":"glue.py","lineno":438}
{"timestamp":"2026-03-19T19:06:29.682089Z","level":"info","event":"Polling for AWS Glue Job covid-etl-job current run state with status RUNNING","logger":"airflow.providers.amazon.aws.hooks.glue.GlueJobHook","filename":"glue.py","lineno":438}
{"timestamp":"2026-03-19T19:06:35.764907Z","level":"info","event":"Polling for AWS Glue Job covid-etl-job current run state with status RUNNING","logger":"airflow.providers.amazon.aws.hooks.glue.GlueJobHook","filename":"glue.py","lineno":438}
{"timestamp":"2026-03-19T19:06:41.907479Z","level":"info","event":"Polling for AWS Glue Job covid-etl-job current run state with status RUNNING","logger":"airflow.providers.amazon.aws.hooks.glue.GlueJobHook","filename":"glue.py","lineno":438}
{"timestamp":"2026-03-19T19:06:48.027808Z","level":"info","event":"Polling for AWS Glue Job covid-etl-job current run state with status RUNNING","logger":"airflow.providers.amazon.aws.hooks.glue.GlueJobHook","filename":"glue.py","lineno":438}
{"timestamp":"2026-03-19T19:06:54.102974Z","level":"info","event":"Polling for AWS Glue Job covid-etl-job current run state with status RUNNING","logger":"airflow.providers.amazon.aws.hooks.glue.GlueJobHook","filename":"glue.py","lineno":438}
{"timestamp":"2026-03-19T19:07:00.256857Z","level":"info","event":"Polling for AWS Glue Job covid-etl-job current run state with status RUNNING","logger":"airflow.providers.amazon.aws.hooks.glue.GlueJobHook","filename":"glue.py","lineno":438}
{"timestamp":"2026-03-19T19:07:06.357717Z","level":"info","event":"Polling for AWS Glue Job covid-etl-job current run state with status RUNNING","logger":"airflow.providers.amazon.aws.hooks.glue.GlueJobHook","filename":"glue.py","lineno":438}
{"timestamp":"2026-03-19T19:07:12.484070Z","level":"info","event":"Polling for AWS Glue Job covid-etl-job current run state with status RUNNING","logger":"airflow.providers.amazon.aws.hooks.glue.GlueJobHook","filename":"glue.py","lineno":438}
{"timestamp":"2026-03-19T19:07:18.663732Z","level":"info","event":"Exiting Job jr_0d1715b3ef8215e5c0bc4527089988458e1a58af776ffaf814123aa41432ba40 Run State: FAILED","logger":"airflow.providers.amazon.aws.hooks.glue.GlueJobHook","filename":"glue.py","lineno":436}
{"timestamp":"2026-03-19T19:07:18.666924Z","level":"error","event":"Task failed with exception","logger":"task","filename":"task_runner.py","lineno":1164,"error_detail":[{"exc_type":"AirflowException","exc_value":"Exiting Job jr_0d1715b3ef8215e5c0bc4527089988458e1a58af776ffaf814123aa41432ba40 Run State: FAILED","exc_notes":[],"syntax_error":null,"is_cause":false,"frames":[{"filename":"/home/airflow/.local/lib/python3.12/site-packages/airflow/sdk/execution_time/task_runner.py","lineno":1112,"name":"run"},{"filename":"/home/airflow/.local/lib/python3.12/site-packages/airflow/sdk/execution_time/task_runner.py","lineno":1528,"name":"_execute_task"},{"filename":"/home/airflow/.local/lib/python3.12/site-packages/airflow/sdk/bases/operator.py","lineno":417,"name":"wrapper"},{"filename":"/home/airflow/.local/lib/python3.12/site-packages/airflow/providers/amazon/aws/operators/glue.py","lineno":256,"name":"execute"},{"filename":"/home/airflow/.local/lib/python3.12/site-packages/airflow/providers/amazon/aws/hooks/glue.py","lineno":389,"name":"job_completion"},{"filename":"/home/airflow/.local/lib/python3.12/site-packages/airflow/providers/amazon/aws/hooks/glue.py","lineno":437,"name":"_handle_state"}],"is_group":false,"exceptions":[]}]}
{"timestamp":"2026-03-19T19:07:18.737181Z","level":"info","event":"Task instance in failure state","logger":"task.stdout"}
{"timestamp":"2026-03-19T19:07:18.743444Z","level":"info","event":"Task start","logger":"task.stdout"}
{"timestamp":"2026-03-19T19:07:18.744457Z","level":"info","event":"Task:<Task(GlueJobOperator): transform_data>","logger":"task.stdout"}
{"timestamp":"2026-03-19T19:07:18.744708Z","level":"info","event":"Failure caused by Exiting Job jr_0d1715b3ef8215e5c0bc4527089988458e1a58af776ffaf814123aa41432ba40 Run State: FAILED","logger":"task.stdout"}
