{"timestamp":"2026-03-19T18:59:22.217644Z","level":"info","event":"Stats instance was created in PID 7 but accessed in PID 2750. Re-initializing.","logger":"airflow.stats","filename":"stats.py","lineno":57}
{"timestamp":"2026-03-19T18:59:22.811111Z","level":"info","event":"DAG bundles loaded: dags-folder, example_dags","logger":"airflow.dag_processing.bundles.manager.DagBundlesManager","filename":"manager.py","lineno":179}
{"timestamp":"2026-03-19T18:59:22.812168Z","level":"info","event":"Filling up the DagBag from /opt/airflow/dags/covid_pipeline.py","logger":"airflow.models.dagbag.BundleDagBag","filename":"dagbag.py","lineno":593}
{"timestamp":"2026-03-19T18:59:22.947605Z","level":"warning","event":"The `airflow.operators.bash.BashOperator` attribute is deprecated. Please use `'airflow.providers.standard.operators.bash.BashOperator'`.","category":"DeprecatedImportWarning","filename":"/opt/airflow/dags/covid_pipeline.py","lineno":2,"logger":"py.warnings"}
{"timestamp":"2026-03-19T18:59:22.979956Z","level":"info","event":"Task instance is in running state","logger":"task.stdout"}
{"timestamp":"2026-03-19T18:59:22.980143Z","level":"info","event":" Previous state of the Task instance: TaskInstanceState.QUEUED","logger":"task.stdout"}
{"timestamp":"2026-03-19T18:59:22.980266Z","level":"info","event":"Current task name:transform_data","logger":"task.stdout"}
{"timestamp":"2026-03-19T18:59:22.980341Z","level":"info","event":"Dag name:covid_pipeline","logger":"task.stdout"}
{"timestamp":"2026-03-19T18:59:22.980391Z","level":"info","event":"Initializing AWS Glue Job: covid-etl-job. Wait for completion: True","logger":"airflow.task.operators.airflow.providers.amazon.aws.operators.glue.GlueJobOperator","filename":"glue.py","lineno":219}
{"timestamp":"2026-03-19T18:59:22.980596Z","level":"info","event":"Checking if job already exists: covid-etl-job","logger":"airflow.providers.amazon.aws.hooks.glue.GlueJobHook","filename":"glue.py","lineno":455}
{"timestamp":"2026-03-19T18:59:23.003536Z","level":"info","event":"AWS Connection (conn_id='aws_default', conn_type='aws') credentials retrieved from login and password.","logger":"airflow.providers.amazon.aws.utils.connection_wrapper.AwsConnectionWrapper","filename":"connection_wrapper.py","lineno":331}
{"timestamp":"2026-03-19T18:59:24.127882Z","level":"info","event":"You can monitor this Glue Job run at: https://console.aws.amazon.com/gluestudio/home?region=us-east-1#/job/covid-etl-job/run/jr_e0e54e0f785c8d28d396a927c8d977be2d16d07b3ba2967720ddb6ed26802362","logger":"airflow.task.operators.airflow.providers.amazon.aws.operators.glue.GlueJobOperator","filename":"glue.py","lineno":240}
{"timestamp":"2026-03-19T18:59:24.214034Z","level":"info","event":"Polling for AWS Glue Job covid-etl-job current run state with status RUNNING","logger":"airflow.providers.amazon.aws.hooks.glue.GlueJobHook","filename":"glue.py","lineno":438}
{"timestamp":"2026-03-19T18:59:30.303183Z","level":"info","event":"Polling for AWS Glue Job covid-etl-job current run state with status RUNNING","logger":"airflow.providers.amazon.aws.hooks.glue.GlueJobHook","filename":"glue.py","lineno":438}
{"timestamp":"2026-03-19T18:59:36.433229Z","level":"info","event":"Polling for AWS Glue Job covid-etl-job current run state with status RUNNING","logger":"airflow.providers.amazon.aws.hooks.glue.GlueJobHook","filename":"glue.py","lineno":438}
{"timestamp":"2026-03-19T18:59:42.543446Z","level":"info","event":"Polling for AWS Glue Job covid-etl-job current run state with status RUNNING","logger":"airflow.providers.amazon.aws.hooks.glue.GlueJobHook","filename":"glue.py","lineno":438}
{"timestamp":"2026-03-19T18:59:48.637590Z","level":"info","event":"Polling for AWS Glue Job covid-etl-job current run state with status RUNNING","logger":"airflow.providers.amazon.aws.hooks.glue.GlueJobHook","filename":"glue.py","lineno":438}
{"timestamp":"2026-03-19T18:59:54.744854Z","level":"info","event":"Polling for AWS Glue Job covid-etl-job current run state with status RUNNING","logger":"airflow.providers.amazon.aws.hooks.glue.GlueJobHook","filename":"glue.py","lineno":438}
{"timestamp":"2026-03-19T19:00:00.883719Z","level":"info","event":"Polling for AWS Glue Job covid-etl-job current run state with status RUNNING","logger":"airflow.providers.amazon.aws.hooks.glue.GlueJobHook","filename":"glue.py","lineno":438}
{"timestamp":"2026-03-19T19:00:06.989262Z","level":"info","event":"Polling for AWS Glue Job covid-etl-job current run state with status RUNNING","logger":"airflow.providers.amazon.aws.hooks.glue.GlueJobHook","filename":"glue.py","lineno":438}
{"timestamp":"2026-03-19T19:00:13.101613Z","level":"info","event":"Polling for AWS Glue Job covid-etl-job current run state with status RUNNING","logger":"airflow.providers.amazon.aws.hooks.glue.GlueJobHook","filename":"glue.py","lineno":438}
{"timestamp":"2026-03-19T19:00:19.328845Z","level":"info","event":"Polling for AWS Glue Job covid-etl-job current run state with status RUNNING","logger":"airflow.providers.amazon.aws.hooks.glue.GlueJobHook","filename":"glue.py","lineno":438}
{"timestamp":"2026-03-19T19:00:25.637795Z","level":"info","event":"Polling for AWS Glue Job covid-etl-job current run state with status RUNNING","logger":"airflow.providers.amazon.aws.hooks.glue.GlueJobHook","filename":"glue.py","lineno":438}
{"timestamp":"2026-03-19T19:00:31.838939Z","level":"info","event":"Polling for AWS Glue Job covid-etl-job current run state with status RUNNING","logger":"airflow.providers.amazon.aws.hooks.glue.GlueJobHook","filename":"glue.py","lineno":438}
{"timestamp":"2026-03-19T19:00:37.934300Z","level":"info","event":"Polling for AWS Glue Job covid-etl-job current run state with status RUNNING","logger":"airflow.providers.amazon.aws.hooks.glue.GlueJobHook","filename":"glue.py","lineno":438}
{"timestamp":"2026-03-19T19:00:44.016533Z","level":"info","event":"Exiting Job jr_e0e54e0f785c8d28d396a927c8d977be2d16d07b3ba2967720ddb6ed26802362 Run State: FAILED","logger":"airflow.providers.amazon.aws.hooks.glue.GlueJobHook","filename":"glue.py","lineno":436}
{"timestamp":"2026-03-19T19:00:44.020549Z","level":"error","event":"Task failed with exception","logger":"task","filename":"task_runner.py","lineno":1164,"error_detail":[{"exc_type":"AirflowException","exc_value":"Exiting Job jr_e0e54e0f785c8d28d396a927c8d977be2d16d07b3ba2967720ddb6ed26802362 Run State: FAILED","exc_notes":[],"syntax_error":null,"is_cause":false,"frames":[{"filename":"/home/airflow/.local/lib/python3.12/site-packages/airflow/sdk/execution_time/task_runner.py","lineno":1112,"name":"run"},{"filename":"/home/airflow/.local/lib/python3.12/site-packages/airflow/sdk/execution_time/task_runner.py","lineno":1528,"name":"_execute_task"},{"filename":"/home/airflow/.local/lib/python3.12/site-packages/airflow/sdk/bases/operator.py","lineno":417,"name":"wrapper"},{"filename":"/home/airflow/.local/lib/python3.12/site-packages/airflow/providers/amazon/aws/operators/glue.py","lineno":256,"name":"execute"},{"filename":"/home/airflow/.local/lib/python3.12/site-packages/airflow/providers/amazon/aws/hooks/glue.py","lineno":389,"name":"job_completion"},{"filename":"/home/airflow/.local/lib/python3.12/site-packages/airflow/providers/amazon/aws/hooks/glue.py","lineno":437,"name":"_handle_state"}],"is_group":false,"exceptions":[]}]}
{"timestamp":"2026-03-19T19:00:44.168286Z","level":"info","event":"Task instance in failure state","logger":"task.stdout"}
{"timestamp":"2026-03-19T19:00:44.170659Z","level":"info","event":"Task start","logger":"task.stdout"}
{"timestamp":"2026-03-19T19:00:44.171388Z","level":"info","event":"Task:<Task(GlueJobOperator): transform_data>","logger":"task.stdout"}
{"timestamp":"2026-03-19T19:00:44.171689Z","level":"info","event":"Failure caused by Exiting Job jr_e0e54e0f785c8d28d396a927c8d977be2d16d07b3ba2967720ddb6ed26802362 Run State: FAILED","logger":"task.stdout"}
