{"timestamp":"2026-03-19T18:17:32.068823Z","level":"info","event":"Stats instance was created in PID 7 but accessed in PID 2205. Re-initializing.","logger":"airflow.stats","filename":"stats.py","lineno":57}
{"timestamp":"2026-03-19T18:17:32.624966Z","level":"info","event":"DAG bundles loaded: dags-folder, example_dags","logger":"airflow.dag_processing.bundles.manager.DagBundlesManager","filename":"manager.py","lineno":179}
{"timestamp":"2026-03-19T18:17:32.625693Z","level":"info","event":"Filling up the DagBag from /opt/airflow/dags/covid_pipeline.py","logger":"airflow.models.dagbag.BundleDagBag","filename":"dagbag.py","lineno":593}
{"timestamp":"2026-03-19T18:17:32.727363Z","level":"warning","event":"The `airflow.operators.bash.BashOperator` attribute is deprecated. Please use `'airflow.providers.standard.operators.bash.BashOperator'`.","category":"DeprecatedImportWarning","filename":"/opt/airflow/dags/covid_pipeline.py","lineno":2,"logger":"py.warnings"}
{"timestamp":"2026-03-19T18:17:32.788952Z","level":"info","event":"Task instance is in running state","logger":"task.stdout"}
{"timestamp":"2026-03-19T18:17:32.789110Z","level":"info","event":" Previous state of the Task instance: TaskInstanceState.QUEUED","logger":"task.stdout"}
{"timestamp":"2026-03-19T18:17:32.789167Z","level":"info","event":"Current task name:transform_data","logger":"task.stdout"}
{"timestamp":"2026-03-19T18:17:32.789216Z","level":"info","event":"Dag name:covid_pipeline","logger":"task.stdout"}
{"timestamp":"2026-03-19T18:17:32.786726Z","level":"info","event":"Initializing AWS Glue Job: covid-etl-job. Wait for completion: True","logger":"airflow.task.operators.airflow.providers.amazon.aws.operators.glue.GlueJobOperator","filename":"glue.py","lineno":219}
{"timestamp":"2026-03-19T18:17:32.787103Z","level":"info","event":"Checking if job already exists: covid-etl-job","logger":"airflow.providers.amazon.aws.hooks.glue.GlueJobHook","filename":"glue.py","lineno":455}
{"timestamp":"2026-03-19T18:17:32.796155Z","level":"info","event":"AWS Connection (conn_id='aws_default', conn_type='aws') credentials retrieved from login and password.","logger":"airflow.providers.amazon.aws.utils.connection_wrapper.AwsConnectionWrapper","filename":"connection_wrapper.py","lineno":331}
{"timestamp":"2026-03-19T18:17:35.722326Z","level":"info","event":"You can monitor this Glue Job run at: https://console.aws.amazon.com/gluestudio/home?region=us-east-1#/job/covid-etl-job/run/jr_2a54a9fdcf4410d5ba7f51f1da76f83b2a87d8f27f1c226b837a27e3914705e3","logger":"airflow.task.operators.airflow.providers.amazon.aws.operators.glue.GlueJobOperator","filename":"glue.py","lineno":240}
{"timestamp":"2026-03-19T18:17:35.866769Z","level":"info","event":"Polling for AWS Glue Job covid-etl-job current run state with status RUNNING","logger":"airflow.providers.amazon.aws.hooks.glue.GlueJobHook","filename":"glue.py","lineno":438}
{"timestamp":"2026-03-19T18:17:41.973302Z","level":"info","event":"Polling for AWS Glue Job covid-etl-job current run state with status RUNNING","logger":"airflow.providers.amazon.aws.hooks.glue.GlueJobHook","filename":"glue.py","lineno":438}
{"timestamp":"2026-03-19T18:17:48.195288Z","level":"info","event":"Polling for AWS Glue Job covid-etl-job current run state with status RUNNING","logger":"airflow.providers.amazon.aws.hooks.glue.GlueJobHook","filename":"glue.py","lineno":438}
{"timestamp":"2026-03-19T18:17:54.643398Z","level":"info","event":"Polling for AWS Glue Job covid-etl-job current run state with status RUNNING","logger":"airflow.providers.amazon.aws.hooks.glue.GlueJobHook","filename":"glue.py","lineno":438}
{"timestamp":"2026-03-19T18:18:00.762196Z","level":"info","event":"Polling for AWS Glue Job covid-etl-job current run state with status RUNNING","logger":"airflow.providers.amazon.aws.hooks.glue.GlueJobHook","filename":"glue.py","lineno":438}
{"timestamp":"2026-03-19T18:18:06.866493Z","level":"info","event":"Polling for AWS Glue Job covid-etl-job current run state with status RUNNING","logger":"airflow.providers.amazon.aws.hooks.glue.GlueJobHook","filename":"glue.py","lineno":438}
{"timestamp":"2026-03-19T18:18:13.084478Z","level":"info","event":"Polling for AWS Glue Job covid-etl-job current run state with status RUNNING","logger":"airflow.providers.amazon.aws.hooks.glue.GlueJobHook","filename":"glue.py","lineno":438}
{"timestamp":"2026-03-19T18:18:19.212319Z","level":"info","event":"Polling for AWS Glue Job covid-etl-job current run state with status RUNNING","logger":"airflow.providers.amazon.aws.hooks.glue.GlueJobHook","filename":"glue.py","lineno":438}
{"timestamp":"2026-03-19T18:18:25.334783Z","level":"info","event":"Polling for AWS Glue Job covid-etl-job current run state with status RUNNING","logger":"airflow.providers.amazon.aws.hooks.glue.GlueJobHook","filename":"glue.py","lineno":438}
{"timestamp":"2026-03-19T18:18:31.610142Z","level":"info","event":"Polling for AWS Glue Job covid-etl-job current run state with status RUNNING","logger":"airflow.providers.amazon.aws.hooks.glue.GlueJobHook","filename":"glue.py","lineno":438}
{"timestamp":"2026-03-19T18:18:37.804933Z","level":"info","event":"Polling for AWS Glue Job covid-etl-job current run state with status RUNNING","logger":"airflow.providers.amazon.aws.hooks.glue.GlueJobHook","filename":"glue.py","lineno":438}
{"timestamp":"2026-03-19T18:18:44.898342Z","level":"info","event":"Polling for AWS Glue Job covid-etl-job current run state with status RUNNING","logger":"airflow.providers.amazon.aws.hooks.glue.GlueJobHook","filename":"glue.py","lineno":438}
{"timestamp":"2026-03-19T18:18:51.096263Z","level":"info","event":"Exiting Job jr_2a54a9fdcf4410d5ba7f51f1da76f83b2a87d8f27f1c226b837a27e3914705e3 Run State: FAILED","logger":"airflow.providers.amazon.aws.hooks.glue.GlueJobHook","filename":"glue.py","lineno":436}
{"timestamp":"2026-03-19T18:18:51.112202Z","level":"error","event":"Task failed with exception","logger":"task","filename":"task_runner.py","lineno":1164,"error_detail":[{"exc_type":"AirflowException","exc_value":"Exiting Job jr_2a54a9fdcf4410d5ba7f51f1da76f83b2a87d8f27f1c226b837a27e3914705e3 Run State: FAILED","exc_notes":[],"syntax_error":null,"is_cause":false,"frames":[{"filename":"/home/airflow/.local/lib/python3.12/site-packages/airflow/sdk/execution_time/task_runner.py","lineno":1112,"name":"run"},{"filename":"/home/airflow/.local/lib/python3.12/site-packages/airflow/sdk/execution_time/task_runner.py","lineno":1528,"name":"_execute_task"},{"filename":"/home/airflow/.local/lib/python3.12/site-packages/airflow/sdk/bases/operator.py","lineno":417,"name":"wrapper"},{"filename":"/home/airflow/.local/lib/python3.12/site-packages/airflow/providers/amazon/aws/operators/glue.py","lineno":256,"name":"execute"},{"filename":"/home/airflow/.local/lib/python3.12/site-packages/airflow/providers/amazon/aws/hooks/glue.py","lineno":389,"name":"job_completion"},{"filename":"/home/airflow/.local/lib/python3.12/site-packages/airflow/providers/amazon/aws/hooks/glue.py","lineno":437,"name":"_handle_state"}],"is_group":false,"exceptions":[]}]}
{"timestamp":"2026-03-19T18:18:51.231102Z","level":"info","event":"Task instance in failure state","logger":"task.stdout"}
{"timestamp":"2026-03-19T18:18:51.232428Z","level":"info","event":"Task start","logger":"task.stdout"}
{"timestamp":"2026-03-19T18:18:51.232767Z","level":"info","event":"Task:<Task(GlueJobOperator): transform_data>","logger":"task.stdout"}
{"timestamp":"2026-03-19T18:18:51.233078Z","level":"info","event":"Failure caused by Exiting Job jr_2a54a9fdcf4410d5ba7f51f1da76f83b2a87d8f27f1c226b837a27e3914705e3 Run State: FAILED","logger":"task.stdout"}
