{"timestamp":"2026-03-20T00:00:06.601994Z","level":"info","event":"Stats instance was created in PID 7 but accessed in PID 6317. Re-initializing.","logger":"airflow.stats","filename":"stats.py","lineno":57}
{"timestamp":"2026-03-20T00:00:07.484217Z","level":"info","event":"DAG bundles loaded: dags-folder, example_dags","logger":"airflow.dag_processing.bundles.manager.DagBundlesManager","filename":"manager.py","lineno":179}
{"timestamp":"2026-03-20T00:00:07.485458Z","level":"info","event":"Filling up the DagBag from /opt/airflow/dags/covid_pipeline.py","logger":"airflow.models.dagbag.BundleDagBag","filename":"dagbag.py","lineno":593}
{"timestamp":"2026-03-20T00:00:07.712116Z","level":"warning","event":"The `airflow.operators.bash.BashOperator` attribute is deprecated. Please use `'airflow.providers.standard.operators.bash.BashOperator'`.","category":"DeprecatedImportWarning","filename":"/opt/airflow/dags/covid_pipeline.py","lineno":2,"logger":"py.warnings"}
{"timestamp":"2026-03-20T00:00:07.864259Z","level":"info","event":"Task instance is in running state","logger":"task.stdout"}
{"timestamp":"2026-03-20T00:00:07.865708Z","level":"info","event":" Previous state of the Task instance: TaskInstanceState.QUEUED","logger":"task.stdout"}
{"timestamp":"2026-03-20T00:00:07.865959Z","level":"info","event":"Current task name:transform_data","logger":"task.stdout"}
{"timestamp":"2026-03-20T00:00:07.866071Z","level":"info","event":"Dag name:covid_pipeline","logger":"task.stdout"}
{"timestamp":"2026-03-20T00:00:07.863600Z","level":"info","event":"Initializing AWS Glue Job: covid-etl-job. Wait for completion: True","logger":"airflow.task.operators.airflow.providers.amazon.aws.operators.glue.GlueJobOperator","filename":"glue.py","lineno":219}
{"timestamp":"2026-03-20T00:00:07.864404Z","level":"info","event":"Checking if job already exists: covid-etl-job","logger":"airflow.providers.amazon.aws.hooks.glue.GlueJobHook","filename":"glue.py","lineno":455}
{"timestamp":"2026-03-20T00:00:07.920970Z","level":"info","event":"AWS Connection (conn_id='aws_default', conn_type='aws') credentials retrieved from login and password.","logger":"airflow.providers.amazon.aws.utils.connection_wrapper.AwsConnectionWrapper","filename":"connection_wrapper.py","lineno":331}
{"timestamp":"2026-03-20T00:00:12.161980Z","level":"info","event":"You can monitor this Glue Job run at: https://console.aws.amazon.com/gluestudio/home?region=us-east-1#/job/covid-etl-job/run/jr_eac433e936bad303db207c78fa73eb9853e83e1bbbf4fcf50c7cce6d235a28af","logger":"airflow.task.operators.airflow.providers.amazon.aws.operators.glue.GlueJobOperator","filename":"glue.py","lineno":240}
{"timestamp":"2026-03-20T00:00:12.326952Z","level":"info","event":"Polling for AWS Glue Job covid-etl-job current run state with status RUNNING","logger":"airflow.providers.amazon.aws.hooks.glue.GlueJobHook","filename":"glue.py","lineno":438}
{"timestamp":"2026-03-20T00:00:18.457495Z","level":"info","event":"Polling for AWS Glue Job covid-etl-job current run state with status RUNNING","logger":"airflow.providers.amazon.aws.hooks.glue.GlueJobHook","filename":"glue.py","lineno":438}
{"timestamp":"2026-03-20T00:00:24.614863Z","level":"info","event":"Polling for AWS Glue Job covid-etl-job current run state with status RUNNING","logger":"airflow.providers.amazon.aws.hooks.glue.GlueJobHook","filename":"glue.py","lineno":438}
{"timestamp":"2026-03-20T00:00:30.755707Z","level":"info","event":"Polling for AWS Glue Job covid-etl-job current run state with status RUNNING","logger":"airflow.providers.amazon.aws.hooks.glue.GlueJobHook","filename":"glue.py","lineno":438}
{"timestamp":"2026-03-20T00:00:36.969425Z","level":"info","event":"Polling for AWS Glue Job covid-etl-job current run state with status RUNNING","logger":"airflow.providers.amazon.aws.hooks.glue.GlueJobHook","filename":"glue.py","lineno":438}
{"timestamp":"2026-03-20T00:00:43.059401Z","level":"info","event":"Polling for AWS Glue Job covid-etl-job current run state with status RUNNING","logger":"airflow.providers.amazon.aws.hooks.glue.GlueJobHook","filename":"glue.py","lineno":438}
{"timestamp":"2026-03-20T00:00:49.206062Z","level":"info","event":"Polling for AWS Glue Job covid-etl-job current run state with status RUNNING","logger":"airflow.providers.amazon.aws.hooks.glue.GlueJobHook","filename":"glue.py","lineno":438}
{"timestamp":"2026-03-20T00:00:55.403779Z","level":"info","event":"Polling for AWS Glue Job covid-etl-job current run state with status RUNNING","logger":"airflow.providers.amazon.aws.hooks.glue.GlueJobHook","filename":"glue.py","lineno":438}
{"timestamp":"2026-03-20T00:01:01.608880Z","level":"info","event":"Polling for AWS Glue Job covid-etl-job current run state with status RUNNING","logger":"airflow.providers.amazon.aws.hooks.glue.GlueJobHook","filename":"glue.py","lineno":438}
{"timestamp":"2026-03-20T00:01:07.905026Z","level":"info","event":"Polling for AWS Glue Job covid-etl-job current run state with status RUNNING","logger":"airflow.providers.amazon.aws.hooks.glue.GlueJobHook","filename":"glue.py","lineno":438}
{"timestamp":"2026-03-20T00:01:14.016841Z","level":"info","event":"Polling for AWS Glue Job covid-etl-job current run state with status RUNNING","logger":"airflow.providers.amazon.aws.hooks.glue.GlueJobHook","filename":"glue.py","lineno":438}
{"timestamp":"2026-03-20T00:01:20.230668Z","level":"info","event":"Polling for AWS Glue Job covid-etl-job current run state with status RUNNING","logger":"airflow.providers.amazon.aws.hooks.glue.GlueJobHook","filename":"glue.py","lineno":438}
{"timestamp":"2026-03-20T00:01:26.410726Z","level":"info","event":"Polling for AWS Glue Job covid-etl-job current run state with status RUNNING","logger":"airflow.providers.amazon.aws.hooks.glue.GlueJobHook","filename":"glue.py","lineno":438}
{"timestamp":"2026-03-20T00:01:32.539307Z","level":"info","event":"Polling for AWS Glue Job covid-etl-job current run state with status RUNNING","logger":"airflow.providers.amazon.aws.hooks.glue.GlueJobHook","filename":"glue.py","lineno":438}
{"timestamp":"2026-03-20T00:01:38.656986Z","level":"info","event":"Polling for AWS Glue Job covid-etl-job current run state with status RUNNING","logger":"airflow.providers.amazon.aws.hooks.glue.GlueJobHook","filename":"glue.py","lineno":438}
{"timestamp":"2026-03-20T00:01:44.755600Z","level":"info","event":"Polling for AWS Glue Job covid-etl-job current run state with status RUNNING","logger":"airflow.providers.amazon.aws.hooks.glue.GlueJobHook","filename":"glue.py","lineno":438}
{"timestamp":"2026-03-20T00:01:50.985340Z","level":"info","event":"Polling for AWS Glue Job covid-etl-job current run state with status RUNNING","logger":"airflow.providers.amazon.aws.hooks.glue.GlueJobHook","filename":"glue.py","lineno":438}
{"timestamp":"2026-03-20T00:01:57.186702Z","level":"info","event":"Polling for AWS Glue Job covid-etl-job current run state with status RUNNING","logger":"airflow.providers.amazon.aws.hooks.glue.GlueJobHook","filename":"glue.py","lineno":438}
{"timestamp":"2026-03-20T00:02:03.296501Z","level":"info","event":"Polling for AWS Glue Job covid-etl-job current run state with status RUNNING","logger":"airflow.providers.amazon.aws.hooks.glue.GlueJobHook","filename":"glue.py","lineno":438}
{"timestamp":"2026-03-20T00:02:09.382960Z","level":"info","event":"Polling for AWS Glue Job covid-etl-job current run state with status RUNNING","logger":"airflow.providers.amazon.aws.hooks.glue.GlueJobHook","filename":"glue.py","lineno":438}
{"timestamp":"2026-03-20T00:02:15.530421Z","level":"info","event":"Polling for AWS Glue Job covid-etl-job current run state with status RUNNING","logger":"airflow.providers.amazon.aws.hooks.glue.GlueJobHook","filename":"glue.py","lineno":438}
{"timestamp":"2026-03-20T00:02:21.618515Z","level":"info","event":"Polling for AWS Glue Job covid-etl-job current run state with status RUNNING","logger":"airflow.providers.amazon.aws.hooks.glue.GlueJobHook","filename":"glue.py","lineno":438}
{"timestamp":"2026-03-20T00:02:27.741108Z","level":"info","event":"Polling for AWS Glue Job covid-etl-job current run state with status RUNNING","logger":"airflow.providers.amazon.aws.hooks.glue.GlueJobHook","filename":"glue.py","lineno":438}
{"timestamp":"2026-03-20T00:02:33.880262Z","level":"info","event":"Polling for AWS Glue Job covid-etl-job current run state with status RUNNING","logger":"airflow.providers.amazon.aws.hooks.glue.GlueJobHook","filename":"glue.py","lineno":438}
{"timestamp":"2026-03-20T00:02:39.979695Z","level":"info","event":"Exiting Job jr_eac433e936bad303db207c78fa73eb9853e83e1bbbf4fcf50c7cce6d235a28af Run State: SUCCEEDED","logger":"airflow.providers.amazon.aws.hooks.glue.GlueJobHook","filename":"glue.py","lineno":432}
{"timestamp":"2026-03-20T00:02:39.980897Z","level":"info","event":"AWS Glue Job: covid-etl-job status: SUCCEEDED. Run Id: jr_eac433e936bad303db207c78fa73eb9853e83e1bbbf4fcf50c7cce6d235a28af","logger":"airflow.task.operators.airflow.providers.amazon.aws.operators.glue.GlueJobOperator","filename":"glue.py","lineno":259}
{"timestamp":"2026-03-20T00:02:39.986395Z","level":"info","event":"Pushing xcom","ti":"RuntimeTaskInstance(id=UUID('019d088a-b133-715f-a708-5426f35998ac'), task_id='transform_data', dag_id='covid_pipeline', run_id='scheduled__2026-03-20T00:00:00+00:00', try_number=1, dag_version_id=UUID('019d06ee-2d6a-7d56-be02-28c2492eeaa1'), map_index=-1, hostname='94c16eb05916', context_carrier={}, task=<Task(GlueJobOperator): transform_data>, bundle_instance=LocalDagBundle(name=dags-folder), max_tries=1, start_date=datetime.datetime(2026, 3, 20, 0, 0, 6, 492809, tzinfo=datetime.timezone.utc), end_date=None, state=<TaskInstanceState.RUNNING: 'running'>, is_mapped=False, rendered_map_index=None)","logger":"task","filename":"task_runner.py","lineno":1573}
{"timestamp":"2026-03-20T00:02:40.074621Z","level":"info","event":"Task instance in success state","logger":"task.stdout"}
{"timestamp":"2026-03-20T00:02:40.075125Z","level":"info","event":" Previous state of the Task instance: TaskInstanceState.RUNNING","logger":"task.stdout"}
{"timestamp":"2026-03-20T00:02:40.079539Z","level":"info","event":"Task operator:<Task(GlueJobOperator): transform_data>","logger":"task.stdout"}
