{"timestamp":"2026-03-19T19:13:52.858458Z","level":"info","event":"Stats instance was created in PID 7 but accessed in PID 2944. Re-initializing.","logger":"airflow.stats","filename":"stats.py","lineno":57}
{"timestamp":"2026-03-19T19:13:53.122805Z","level":"info","event":"DAG bundles loaded: dags-folder, example_dags","logger":"airflow.dag_processing.bundles.manager.DagBundlesManager","filename":"manager.py","lineno":179}
{"timestamp":"2026-03-19T19:13:53.123449Z","level":"info","event":"Filling up the DagBag from /opt/airflow/dags/covid_pipeline.py","logger":"airflow.models.dagbag.BundleDagBag","filename":"dagbag.py","lineno":593}
{"timestamp":"2026-03-19T19:13:53.192994Z","level":"warning","event":"The `airflow.operators.bash.BashOperator` attribute is deprecated. Please use `'airflow.providers.standard.operators.bash.BashOperator'`.","category":"DeprecatedImportWarning","filename":"/opt/airflow/dags/covid_pipeline.py","lineno":2,"logger":"py.warnings"}
{"timestamp":"2026-03-19T19:13:53.216053Z","level":"info","event":"Task instance is in running state","logger":"task.stdout"}
{"timestamp":"2026-03-19T19:13:53.216303Z","level":"info","event":" Previous state of the Task instance: TaskInstanceState.QUEUED","logger":"task.stdout"}
{"timestamp":"2026-03-19T19:13:53.216394Z","level":"info","event":"Current task name:transform_data","logger":"task.stdout"}
{"timestamp":"2026-03-19T19:13:53.216449Z","level":"info","event":"Dag name:covid_pipeline","logger":"task.stdout"}
{"timestamp":"2026-03-19T19:13:53.213712Z","level":"info","event":"Initializing AWS Glue Job: covid-etl-job. Wait for completion: True","logger":"airflow.task.operators.airflow.providers.amazon.aws.operators.glue.GlueJobOperator","filename":"glue.py","lineno":219}
{"timestamp":"2026-03-19T19:13:53.213913Z","level":"info","event":"Checking if job already exists: covid-etl-job","logger":"airflow.providers.amazon.aws.hooks.glue.GlueJobHook","filename":"glue.py","lineno":455}
{"timestamp":"2026-03-19T19:13:53.223975Z","level":"info","event":"AWS Connection (conn_id='aws_default', conn_type='aws') credentials retrieved from login and password.","logger":"airflow.providers.amazon.aws.utils.connection_wrapper.AwsConnectionWrapper","filename":"connection_wrapper.py","lineno":331}
{"timestamp":"2026-03-19T19:13:53.974538Z","level":"info","event":"You can monitor this Glue Job run at: https://console.aws.amazon.com/gluestudio/home?region=us-east-1#/job/covid-etl-job/run/jr_4e9c105e1c2c4bed940685deafe72ac0fd55be93a10ff3c836442410a117026c","logger":"airflow.task.operators.airflow.providers.amazon.aws.operators.glue.GlueJobOperator","filename":"glue.py","lineno":240}
{"timestamp":"2026-03-19T19:13:54.038818Z","level":"info","event":"Polling for AWS Glue Job covid-etl-job current run state with status RUNNING","logger":"airflow.providers.amazon.aws.hooks.glue.GlueJobHook","filename":"glue.py","lineno":438}
{"timestamp":"2026-03-19T19:14:00.142310Z","level":"info","event":"Polling for AWS Glue Job covid-etl-job current run state with status RUNNING","logger":"airflow.providers.amazon.aws.hooks.glue.GlueJobHook","filename":"glue.py","lineno":438}
{"timestamp":"2026-03-19T19:14:06.316195Z","level":"info","event":"Polling for AWS Glue Job covid-etl-job current run state with status RUNNING","logger":"airflow.providers.amazon.aws.hooks.glue.GlueJobHook","filename":"glue.py","lineno":438}
{"timestamp":"2026-03-19T19:14:12.446176Z","level":"info","event":"Polling for AWS Glue Job covid-etl-job current run state with status RUNNING","logger":"airflow.providers.amazon.aws.hooks.glue.GlueJobHook","filename":"glue.py","lineno":438}
{"timestamp":"2026-03-19T19:14:18.596985Z","level":"info","event":"Polling for AWS Glue Job covid-etl-job current run state with status RUNNING","logger":"airflow.providers.amazon.aws.hooks.glue.GlueJobHook","filename":"glue.py","lineno":438}
{"timestamp":"2026-03-19T19:14:24.679998Z","level":"info","event":"Polling for AWS Glue Job covid-etl-job current run state with status RUNNING","logger":"airflow.providers.amazon.aws.hooks.glue.GlueJobHook","filename":"glue.py","lineno":438}
{"timestamp":"2026-03-19T19:14:30.756665Z","level":"info","event":"Polling for AWS Glue Job covid-etl-job current run state with status RUNNING","logger":"airflow.providers.amazon.aws.hooks.glue.GlueJobHook","filename":"glue.py","lineno":438}
{"timestamp":"2026-03-19T19:14:36.846459Z","level":"info","event":"Polling for AWS Glue Job covid-etl-job current run state with status RUNNING","logger":"airflow.providers.amazon.aws.hooks.glue.GlueJobHook","filename":"glue.py","lineno":438}
{"timestamp":"2026-03-19T19:14:42.936402Z","level":"info","event":"Polling for AWS Glue Job covid-etl-job current run state with status RUNNING","logger":"airflow.providers.amazon.aws.hooks.glue.GlueJobHook","filename":"glue.py","lineno":438}
{"timestamp":"2026-03-19T19:14:49.090011Z","level":"info","event":"Polling for AWS Glue Job covid-etl-job current run state with status RUNNING","logger":"airflow.providers.amazon.aws.hooks.glue.GlueJobHook","filename":"glue.py","lineno":438}
{"timestamp":"2026-03-19T19:14:55.298521Z","level":"info","event":"Polling for AWS Glue Job covid-etl-job current run state with status RUNNING","logger":"airflow.providers.amazon.aws.hooks.glue.GlueJobHook","filename":"glue.py","lineno":438}
{"timestamp":"2026-03-19T19:15:01.388990Z","level":"info","event":"Polling for AWS Glue Job covid-etl-job current run state with status RUNNING","logger":"airflow.providers.amazon.aws.hooks.glue.GlueJobHook","filename":"glue.py","lineno":438}
{"timestamp":"2026-03-19T19:15:07.480928Z","level":"info","event":"Exiting Job jr_4e9c105e1c2c4bed940685deafe72ac0fd55be93a10ff3c836442410a117026c Run State: SUCCEEDED","logger":"airflow.providers.amazon.aws.hooks.glue.GlueJobHook","filename":"glue.py","lineno":432}
{"timestamp":"2026-03-19T19:15:07.482648Z","level":"info","event":"AWS Glue Job: covid-etl-job status: SUCCEEDED. Run Id: jr_4e9c105e1c2c4bed940685deafe72ac0fd55be93a10ff3c836442410a117026c","logger":"airflow.task.operators.airflow.providers.amazon.aws.operators.glue.GlueJobOperator","filename":"glue.py","lineno":259}
{"timestamp":"2026-03-19T19:15:07.485050Z","level":"info","event":"Pushing xcom","ti":"RuntimeTaskInstance(id=UUID('019d0784-b1e6-73de-82ce-a8579776ad74'), task_id='transform_data', dag_id='covid_pipeline', run_id='manual__2026-03-19T19:13:49.990551+00:00', try_number=1, dag_version_id=UUID('019d06ee-2d6a-7d56-be02-28c2492eeaa1'), map_index=-1, hostname='94c16eb05916', context_carrier={}, task=<Task(GlueJobOperator): transform_data>, bundle_instance=LocalDagBundle(name=dags-folder), max_tries=1, start_date=datetime.datetime(2026, 3, 19, 19, 13, 52, 826432, tzinfo=datetime.timezone.utc), end_date=None, state=<TaskInstanceState.RUNNING: 'running'>, is_mapped=False, rendered_map_index=None)","logger":"task","filename":"task_runner.py","lineno":1573}
{"timestamp":"2026-03-19T19:15:07.546141Z","level":"info","event":"Task instance in success state","logger":"task.stdout"}
{"timestamp":"2026-03-19T19:15:07.546414Z","level":"info","event":" Previous state of the Task instance: TaskInstanceState.RUNNING","logger":"task.stdout"}
{"timestamp":"2026-03-19T19:15:07.547817Z","level":"info","event":"Task operator:<Task(GlueJobOperator): transform_data>","logger":"task.stdout"}
